This is TeX, Version 3.14159265 (TeX Live 2016/Arch Linux) (preloaded format=tex 2016.8.17)  2 SEP 2016 21:17
**mybib.bib
(./mybib.bib
Missing character: There is no ^^e8 in font cmr10!
Missing character: There is no ^^8b in font cmr10!
Missing character: There is no ^^8f in font cmr10!
Missing character: There is no ^^e7 in font cmr10!
Missing character: There is no ^^90 in font cmr10!
Missing character: There is no ^^b3 in font cmr10!
Missing character: There is no ^^e5 in font cmr10!
Missing character: There is no ^^9f in font cmr10!
Missing character: There is no ^^ba in font cmr10!
Missing character: There is no ^^e4 in font cmr10!
Missing character: There is no ^^ba in font cmr10!
Missing character: There is no ^^8e in font cmr10!
Missing character: There is no ^^e5 in font cmr10!
Missing character: There is no ^^9f in font cmr10!
Missing character: There is no ^^ba in font cmr10!
Missing character: There is no ^^e4 in font cmr10!
Missing character: There is no ^^ba in font cmr10!
Missing character: There is no ^^8e in font cmr10!
Missing character: There is no ^^e7 in font cmr10!
Missing character: There is no ^^9a in font cmr10!
Missing character: There is no ^^84 in font cmr10!
Missing character: There is no ^^e8 in font cmr10!
Missing character: There is no ^^b6 in font cmr10!
Missing character: There is no ^^85 in font cmr10!
Missing character: There is no ^^e5 in font cmr10!
Missing character: There is no ^^a3 in font cmr10!
Missing character: There is no ^^b0 in font cmr10!
Missing character: There is no ^^e6 in font cmr10!
Missing character: There is no ^^b3 in font cmr10!
Missing character: There is no ^^a2 in font cmr10!
Missing character: There is no ^^e6 in font cmr10!
Missing character: There is no ^^b5 in font cmr10!
Missing character: There is no ^^8b in font cmr10!
Missing character: There is no ^^e8 in font cmr10!
Missing character: There is no ^^b7 in font cmr10!
Missing character: There is no ^^9d in font cmr10!
Missing character: There is no ^^e5 in font cmr10!
Missing character: There is no ^^99 in font cmr10!
Missing character: There is no ^^a8 in font cmr10!
Missing character: There is no ^^e7 in font cmr10!
Missing character: There is no ^^9a in font cmr10!
Missing character: There is no ^^84 in font cmr10!
Missing character: There is no ^^e8 in font cmr10!
Missing character: There is no ^^ae in font cmr10!
Missing character: There is no ^^be in font cmr10!
Missing character: There is no ^^e8 in font cmr10!
Missing character: There is no ^^ae in font cmr10!
Missing character: There is no ^^a1 in font cmr10!
Missing character: There is no ^^e8 in font cmr10!
Missing character: There is no ^^8b in font cmr10!
Missing character: There is no ^^8f in font cmr10!
Missing character: There is no ^^e7 in font cmr10!
Missing character: There is no ^^90 in font cmr10!
Missing character: There is no ^^b3 in font cmr10!
Missing character: There is no ^^e7 in font cmr10!
Missing character: There is no ^^a7 in font cmr10!
Missing character: There is no ^^91 in font cmr10!
Missing character: There is no ^^e6 in font cmr10!
Missing character: There is no ^^8a in font cmr10!
Missing character: There is no ^^80 in font cmr10!
Missing character: There is no ^^e4 in font cmr10!
Missing character: There is no ^^bf in font cmr10!
Missing character: There is no ^^a1 in font cmr10!
Missing character: There is no ^^e6 in font cmr10!
Missing character: There is no ^^81 in font cmr10!
Missing character: There is no ^^af in font cmr10!
)
*
! Interruption.
<*> 
    
? X
No pages of output.
